2020-12-17 23:01:21,849 [Worker-5: Loading available Gradle versions] INFO  o.e.b.c.i.u.g.PublishedGradleVersions - Gradle version information cache is out-of-date. Trying to update.
2020-12-17 23:01:59,018 [Worker-0: Loading available Gradle versions] INFO  o.e.b.c.i.u.g.PublishedGradleVersions - Gradle version information cache is up-to-date. Trying to read.
2020-12-17 23:04:30,865 [Worker-0: Loading available Gradle versions] INFO  o.e.b.c.i.u.g.PublishedGradleVersions - Gradle version information cache is up-to-date. Trying to read.
2020-12-17 23:04:53,829 [Worker-1: Loading available Gradle versions] INFO  o.e.b.c.i.u.g.PublishedGradleVersions - Gradle version information cache is up-to-date. Trying to read.
2020-12-17 23:05:49,116 [Worker-5: Loading available Gradle versions] INFO  o.e.b.c.i.u.g.PublishedGradleVersions - Gradle version information cache is up-to-date. Trying to read.
2020-12-17 23:33:45,814 [Start Help Server] INFO  org.eclipse.jetty.util.log - Logging initialized @1717390ms to org.eclipse.jetty.util.log.Slf4jLog
2020-12-17 23:33:45,882 [Start Help Server] INFO  org.eclipse.jetty.server.Server - jetty-9.4.35.v20201120; built: 2020-11-27T20:36:51.615Z; git: bdc54f03a5e0a7e280fab27f55c3c75ee8da89fb; jvm 15.0.1+9-18
2020-12-17 23:33:45,894 [Start Help Server] INFO  org.eclipse.jetty.server.session - DefaultSessionIdManager workerName=node0
2020-12-17 23:33:45,895 [Start Help Server] INFO  org.eclipse.jetty.server.session - No SessionScavenger set, using defaults
2020-12-17 23:33:45,895 [Start Help Server] INFO  org.eclipse.jetty.server.session - node0 Scavenging every 600000ms
2020-12-17 23:33:45,910 [Start Help Server] INFO  o.e.j.server.handler.ContextHandler - Started o.e.j.s.ServletContextHandler@3bc843fb{/help,null,AVAILABLE}
2020-12-17 23:33:45,923 [Start Help Server] INFO  o.e.jetty.server.AbstractConnector - Started ServerConnector@27d62538{HTTP/1.1, (http/1.1)}{127.0.0.1:53102}
2020-12-17 23:33:45,924 [Start Help Server] INFO  org.eclipse.jetty.server.Server - Started @1717500ms
2020-12-17 23:33:45,924 [Start Help Server] INFO  org.eclipse.jetty.server.session - node0 Scavenging every 660000ms
2020-12-17 23:41:35,392 [Stop Help Server] INFO  o.e.jetty.server.AbstractConnector - Stopped ServerConnector@27d62538{HTTP/1.1, (http/1.1)}{127.0.0.1:0}
2020-12-17 23:41:35,392 [Stop Help Server] INFO  org.eclipse.jetty.server.session - node0 Stopped scavenging
2020-12-17 23:41:35,397 [Stop Help Server] INFO  o.e.j.server.handler.ContextHandler - Stopped o.e.j.s.ServletContextHandler@3bc843fb{/help,null,STOPPED}
2020-12-18 16:27:33,130 [Worker-1: Loading available Gradle versions] INFO  o.e.b.c.i.u.g.PublishedGradleVersions - Gradle version information cache is up-to-date. Trying to read.
2020-12-18 16:28:01,485 [Worker-1: Loading available Gradle versions] INFO  o.e.b.c.i.u.g.PublishedGradleVersions - Gradle version information cache is up-to-date. Trying to read.
2020-12-18 19:22:55,585 [Worker-3: Loading available Gradle versions] INFO  o.e.b.c.i.u.g.PublishedGradleVersions - Gradle version information cache is up-to-date. Trying to read.
2020-12-18 19:27:46,608 [Worker-0: Loading available Gradle versions] INFO  o.e.b.c.i.u.g.PublishedGradleVersions - Gradle version information cache is up-to-date. Trying to read.
2020-12-18 19:28:57,338 [Worker-5: Loading available Gradle versions] INFO  o.e.b.c.i.u.g.PublishedGradleVersions - Gradle version information cache is up-to-date. Trying to read.
2020-12-18 21:14:16,532 [Worker-5: Loading available Gradle versions] INFO  o.e.b.c.i.u.g.PublishedGradleVersions - Gradle version information cache is up-to-date. Trying to read.
2020-12-19 16:42:32,059 [Worker-1: Loading available Gradle versions] INFO  o.e.b.c.i.u.g.PublishedGradleVersions - Gradle version information cache is out-of-date. Trying to update.
2020-12-19 20:29:45,622 [Worker-0: Loading available Gradle versions] INFO  o.e.b.c.i.u.g.PublishedGradleVersions - Gradle version information cache is up-to-date. Trying to read.
2020-12-20 14:36:07,511 [Worker-1: Loading available Gradle versions] INFO  o.e.b.c.i.u.g.PublishedGradleVersions - Gradle version information cache is up-to-date. Trying to read.
2020-12-20 21:36:34,836 [Worker-2: Loading available Gradle versions] INFO  o.e.b.c.i.u.g.PublishedGradleVersions - Gradle version information cache is up-to-date. Trying to read.
2020-12-20 22:07:30,933 [Worker-2: Loading available Gradle versions] INFO  o.e.b.c.i.u.g.PublishedGradleVersions - Gradle version information cache is up-to-date. Trying to read.
2020-12-21 11:48:25,474 [Worker-1: Loading available Gradle versions] INFO  o.e.b.c.i.u.g.PublishedGradleVersions - Gradle version information cache is up-to-date. Trying to read.
2020-12-21 18:10:53,477 [Worker-3: Loading available Gradle versions] INFO  o.e.b.c.i.u.g.PublishedGradleVersions - Gradle version information cache is up-to-date. Trying to read.
2020-12-22 19:02:35,930 [Worker-0: Loading available Gradle versions] INFO  o.e.b.c.i.u.g.PublishedGradleVersions - Gradle version information cache is out-of-date. Trying to update.
2020-12-22 19:04:25,196 [Start Help Server] INFO  org.eclipse.jetty.util.log - Logging initialized @115449ms to org.eclipse.jetty.util.log.Slf4jLog
2020-12-22 19:04:25,279 [Start Help Server] INFO  org.eclipse.jetty.server.Server - jetty-9.4.35.v20201120; built: 2020-11-27T20:36:51.615Z; git: bdc54f03a5e0a7e280fab27f55c3c75ee8da89fb; jvm 15.0.1+9-18
2020-12-22 19:04:25,291 [Start Help Server] INFO  org.eclipse.jetty.server.session - DefaultSessionIdManager workerName=node0
2020-12-22 19:04:25,291 [Start Help Server] INFO  org.eclipse.jetty.server.session - No SessionScavenger set, using defaults
2020-12-22 19:04:25,292 [Start Help Server] INFO  org.eclipse.jetty.server.session - node0 Scavenging every 660000ms
2020-12-22 19:04:25,309 [Start Help Server] INFO  o.e.j.server.handler.ContextHandler - Started o.e.j.s.ServletContextHandler@37339507{/help,null,AVAILABLE}
2020-12-22 19:04:25,322 [Start Help Server] INFO  o.e.jetty.server.AbstractConnector - Started ServerConnector@3b5b153e{HTTP/1.1, (http/1.1)}{127.0.0.1:61567}
2020-12-22 19:04:25,322 [Start Help Server] INFO  org.eclipse.jetty.server.Server - Started @115575ms
2020-12-22 19:04:25,322 [Start Help Server] INFO  org.eclipse.jetty.server.session - node0 Scavenging every 726000ms
2020-12-22 19:16:48,312 [Stop Help Server] INFO  o.e.jetty.server.AbstractConnector - Stopped ServerConnector@3b5b153e{HTTP/1.1, (http/1.1)}{127.0.0.1:0}
2020-12-22 19:16:48,312 [Stop Help Server] INFO  org.eclipse.jetty.server.session - node0 Stopped scavenging
2020-12-22 19:16:48,326 [Stop Help Server] INFO  o.e.j.server.handler.ContextHandler - Stopped o.e.j.s.ServletContextHandler@37339507{/help,null,STOPPED}
2020-12-23 00:05:00,711 [Worker-0: Loading available Gradle versions] INFO  o.e.b.c.i.u.g.PublishedGradleVersions - Gradle version information cache is up-to-date. Trying to read.
2020-12-29 19:13:30,353 [Worker-0: Loading available Gradle versions] INFO  o.e.b.c.i.u.g.PublishedGradleVersions - Gradle version information cache is out-of-date. Trying to update.
2021-01-02 14:25:14,235 [Worker-0: Loading available Gradle versions] INFO  o.e.b.c.i.u.g.PublishedGradleVersions - Gradle version information cache is out-of-date. Trying to update.
2021-01-02 15:55:55,202 [Worker-0: Loading available Gradle versions] INFO  o.e.b.c.i.u.g.PublishedGradleVersions - Gradle version information cache is up-to-date. Trying to read.
2021-01-04 12:26:36,925 [Worker-1: Loading available Gradle versions] INFO  o.e.b.c.i.u.g.PublishedGradleVersions - Gradle version information cache is out-of-date. Trying to update.
2021-01-04 13:05:01,603 [Worker-3: Loading available Gradle versions] INFO  o.e.b.c.i.u.g.PublishedGradleVersions - Gradle version information cache is up-to-date. Trying to read.
2021-01-04 14:10:05,554 [Worker-2: Loading available Gradle versions] INFO  o.e.b.c.i.u.g.PublishedGradleVersions - Gradle version information cache is up-to-date. Trying to read.
2021-01-04 17:01:10,678 [Worker-0: Loading available Gradle versions] INFO  o.e.b.c.i.u.g.PublishedGradleVersions - Gradle version information cache is up-to-date. Trying to read.
2021-01-04 17:44:41,076 [Worker-0: Loading available Gradle versions] INFO  o.e.b.c.i.u.g.PublishedGradleVersions - Gradle version information cache is up-to-date. Trying to read.
2021-01-04 17:49:29,291 [Start Help Server] INFO  org.eclipse.jetty.util.log - Logging initialized @294033ms to org.eclipse.jetty.util.log.Slf4jLog
2021-01-04 17:49:29,390 [Start Help Server] INFO  org.eclipse.jetty.server.Server - jetty-9.4.35.v20201120; built: 2020-11-27T20:36:51.615Z; git: bdc54f03a5e0a7e280fab27f55c3c75ee8da89fb; jvm 15.0.1+9-18
2021-01-04 17:49:29,403 [Start Help Server] INFO  org.eclipse.jetty.server.session - DefaultSessionIdManager workerName=node0
2021-01-04 17:49:29,403 [Start Help Server] INFO  org.eclipse.jetty.server.session - No SessionScavenger set, using defaults
2021-01-04 17:49:29,404 [Start Help Server] INFO  org.eclipse.jetty.server.session - node0 Scavenging every 600000ms
2021-01-04 17:49:29,424 [Start Help Server] INFO  o.e.j.server.handler.ContextHandler - Started o.e.j.s.ServletContextHandler@60c5aa2e{/help,null,AVAILABLE}
2021-01-04 17:49:29,439 [Start Help Server] INFO  o.e.jetty.server.AbstractConnector - Started ServerConnector@72e53433{HTTP/1.1, (http/1.1)}{127.0.0.1:53945}
2021-01-04 17:49:29,439 [Start Help Server] INFO  org.eclipse.jetty.server.Server - Started @294183ms
2021-01-04 17:49:29,440 [Start Help Server] INFO  org.eclipse.jetty.server.session - node0 Scavenging every 660000ms
2021-01-04 19:32:20,301 [Stop Help Server] INFO  o.e.jetty.server.AbstractConnector - Stopped ServerConnector@72e53433{HTTP/1.1, (http/1.1)}{127.0.0.1:0}
2021-01-04 19:32:20,302 [Stop Help Server] INFO  org.eclipse.jetty.server.session - node0 Stopped scavenging
2021-01-04 19:32:20,306 [Stop Help Server] INFO  o.e.j.server.handler.ContextHandler - Stopped o.e.j.s.ServletContextHandler@60c5aa2e{/help,null,STOPPED}
2021-01-05 14:34:40,692 [Worker-3: Loading available Gradle versions] INFO  o.e.b.c.i.u.g.PublishedGradleVersions - Gradle version information cache is out-of-date. Trying to update.
2021-01-05 14:34:52,212 [Worker-3: Loading available Gradle versions] INFO  o.e.b.c.i.u.g.PublishedGradleVersions - Updating Gradle version information cache failed. Using outdated cache.
2021-01-05 14:35:17,541 [Worker-2: Loading available Gradle versions] INFO  o.e.b.c.i.u.g.PublishedGradleVersions - Gradle version information cache is out-of-date. Trying to update.
2021-01-05 14:36:38,049 [Worker-2: Loading available Gradle versions] INFO  o.e.b.c.i.u.g.PublishedGradleVersions - Gradle version information cache is out-of-date. Trying to update.
2021-01-05 19:40:46,076 [Worker-1: Loading available Gradle versions] INFO  o.e.b.c.i.u.g.PublishedGradleVersions - Gradle version information cache is up-to-date. Trying to read.
2021-01-06 21:05:14,965 [Worker-1: Loading available Gradle versions] INFO  o.e.b.c.i.u.g.PublishedGradleVersions - Gradle version information cache is out-of-date. Trying to update.
2021-01-07 10:29:10,906 [Worker-1: Loading available Gradle versions] INFO  o.e.b.c.i.u.g.PublishedGradleVersions - Gradle version information cache is up-to-date. Trying to read.
2021-01-07 17:27:05,956 [Worker-1: Loading available Gradle versions] INFO  o.e.b.c.i.u.g.PublishedGradleVersions - Gradle version information cache is up-to-date. Trying to read.
2021-01-07 19:30:29,425 [Worker-2: Loading available Gradle versions] INFO  o.e.b.c.i.u.g.PublishedGradleVersions - Gradle version information cache is up-to-date. Trying to read.
2021-01-08 11:03:52,637 [Worker-3: Loading available Gradle versions] INFO  o.e.b.c.i.u.g.PublishedGradleVersions - Gradle version information cache is out-of-date. Trying to update.
2021-01-08 11:03:52,832 [Worker-3: Loading available Gradle versions] INFO  o.e.b.c.i.u.g.PublishedGradleVersions - Updating Gradle version information cache failed. Using outdated cache.
2021-01-08 15:16:26,675 [Worker-2: Loading available Gradle versions] INFO  o.e.b.c.i.u.g.PublishedGradleVersions - Gradle version information cache is out-of-date. Trying to update.
2021-01-08 16:43:36,541 [Worker-0: Loading available Gradle versions] INFO  o.e.b.c.i.u.g.PublishedGradleVersions - Gradle version information cache is up-to-date. Trying to read.
2021-01-08 17:44:04,423 [Worker-2: Loading available Gradle versions] INFO  o.e.b.c.i.u.g.PublishedGradleVersions - Gradle version information cache is up-to-date. Trying to read.
2021-01-09 10:21:16,429 [Worker-2: Loading available Gradle versions] INFO  o.e.b.c.i.u.g.PublishedGradleVersions - Gradle version information cache is up-to-date. Trying to read.
